d:\project\ui_nametools\nametools\nametools\debug\moc_nametools.obj
d:\project\ui_nametools\nametools\nametools\debug\moc_nametools.asm
d:\project\ui_nametools\nametools\nametools\debug\qrc_nametools.obj
d:\project\ui_nametools\nametools\nametools\debug\qrc_nametools.asm
d:\project\ui_nametools\nametools\nametools\debug\tools.obj
d:\project\ui_nametools\nametools\nametools\debug\main.obj
d:\project\ui_nametools\nametools\nametools\debug\nametools.obj
d:\project\ui_nametools\nametools\nametools\debug\vc141.pdb
d:\project\ui_nametools\nametools\nametools\debug\\moc\\moc_nametools.cpp
d:\project\ui_nametools\nametools\nametools\debug\uic\ui_nametools.h
d:\project\ui_nametools\nametools\nametools\debug\rcc\qrc_nametools.cpp
d:\project\ui_nametools\nametools\nametools\debug\moc\moc_nametools.cpp
d:\project\ui_nametools\nametools\nametools\debug\\rcc\\qrc_nametools.cpp
d:\project\ui_nametools\nametools\nametools\debug\\uic\\ui_nametools.h
d:\project\ui_nametools\nametools\nametools\debug\nametools.tlog\cl.13656.write.1.tlog
d:\project\ui_nametools\nametools\nametools\debug\nametools.tlog\cl.command.1.tlog
d:\project\ui_nametools\nametools\nametools\debug\nametools.tlog\cl.read.1.tlog
d:\project\ui_nametools\nametools\nametools\debug\nametools.tlog\link.command.1.tlog
d:\project\ui_nametools\nametools\nametools\debug\nametools.tlog\link.read.1.tlog
d:\project\ui_nametools\nametools\nametools\debug\nametools.tlog\link.write.1.tlog
d:\project\ui_nametools\nametools\nametools\debug\nametools.tlog\moc.read.1u.tlog
d:\project\ui_nametools\nametools\nametools\debug\nametools.tlog\moc.write.1u.tlog
d:\project\ui_nametools\nametools\nametools\debug\nametools.tlog\nametools.write.1u.tlog
d:\project\ui_nametools\nametools\nametools\debug\nametools.tlog\rcc.read.1u.tlog
d:\project\ui_nametools\nametools\nametools\debug\nametools.tlog\rcc.write.1u.tlog
d:\project\ui_nametools\nametools\nametools\debug\nametools.tlog\uic.read.1u.tlog
d:\project\ui_nametools\nametools\nametools\debug\nametools.tlog\uic.write.1u.tlog
